{
  "RSpec": {
    "coverage": {
      "C:/Users/SPURGE/RubyOnRails/SudokuPuzzle/spec/models/sudoku_solver_spec.rb": {
        "lines": [

        ]
      },
      "C:/Users/SPURGE/RubyOnRails/SudokuPuzzle/spec/requests/sudoku_solver_spec.rb": {
        "lines": [
          1,
          1,
          1,
          1,
          1,
          null,
          2,
          null,
          null,
          null,
          null,
          null,
          null,
          null,
          null,
          null,
          null,
          null,
          1,
          2,
          null,
          null,
          1,
          1,
          null,
          null,
          1,
          1,
          1,
          null,
          null,
          null,
          null
        ]
      },
      "C:/Users/SPURGE/RubyOnRails/SudokuPuzzle/spec/rails_helper.rb": {
        "lines": [
          null,
          1,
          1,
          1,
          null,
          1,
          1,
          null,
          null,
          null,
          null,
          null,
          null,
          null,
          null,
          null,
          null,
          null,
          null,
          null,
          null,
          null,
          null,
          null,
          null,
          null,
          null,
          1,
          null,
          0,
          null,
          1,
          null,
          1,
          null,
          null,
          null,
          null,
          1,
          null,
          null,
          null,
          null,
          null,
          null,
          null,
          null,
          null,
          null,
          null,
          null,
          null,
          null,
          null,
          null,
          null,
          1,
          null,
          null,
          1,
          null,
          null,
          null
        ]
      },
      "C:/Users/SPURGE/RubyOnRails/SudokuPuzzle/config/environment.rb": {
        "lines": [
          null,
          1,
          null,
          null,
          1
        ]
      },
      "C:/Users/SPURGE/RubyOnRails/SudokuPuzzle/config/application.rb": {
        "lines": [
          1,
          null,
          1,
          null,
          null,
          null,
          1,
          null,
          1,
          1,
          null,
          1,
          null,
          null,
          null,
          null,
          null,
          null,
          null,
          null,
          null,
          null
        ]
      },
      "C:/Users/SPURGE/RubyOnRails/SudokuPuzzle/config/boot.rb": {
        "lines": [
          1,
          null,
          1,
          1
        ]
      },
      "C:/Users/SPURGE/RubyOnRails/SudokuPuzzle/config/environments/test.rb": {
        "lines": [
          1,
          null,
          null,
          null,
          null,
          null,
          null,
          1,
          null,
          null,
          null,
          1,
          null,
          null,
          null,
          null,
          1,
          null,
          null,
          1,
          1,
          null,
          null,
          null,
          null,
          1,
          1,
          1,
          null,
          null,
          1,
          null,
          null,
          1,
          null,
          null,
          1,
          null,
          1,
          null,
          null,
          null,
          null,
          1,
          null,
          null,
          1,
          null,
          null,
          1,
          null,
          null,
          1,
          null,
          null,
          null,
          null,
          null,
          null,
          null
        ]
      },
      "C:/Users/SPURGE/RubyOnRails/SudokuPuzzle/config/initializers/assets.rb": {
        "lines": [
          null,
          null,
          null,
          1,
          null,
          null,
          null,
          null,
          null,
          null,
          null,
          null
        ]
      },
      "C:/Users/SPURGE/RubyOnRails/SudokuPuzzle/config/initializers/content_security_policy.rb": {
        "lines": [
          null,
          null,
          null,
          null,
          null,
          null,
          null,
          null,
          null,
          null,
          null,
          null,
          null,
          null,
          null,
          null,
          null,
          null,
          null,
          null,
          null,
          null,
          null,
          null,
          null
        ]
      },
      "C:/Users/SPURGE/RubyOnRails/SudokuPuzzle/config/initializers/filter_parameter_logging.rb": {
        "lines": [
          null,
          null,
          null,
          null,
          null,
          1,
          null,
          null
        ]
      },
      "C:/Users/SPURGE/RubyOnRails/SudokuPuzzle/config/initializers/inflections.rb": {
        "lines": [
          null,
          null,
          null,
          null,
          null,
          null,
          null,
          null,
          null,
          null,
          null,
          null,
          null,
          null,
          null,
          null
        ]
      },
      "C:/Users/SPURGE/RubyOnRails/SudokuPuzzle/config/initializers/permissions_policy.rb": {
        "lines": [
          null,
          null,
          null,
          null,
          null,
          null,
          null,
          null,
          null,
          null,
          null
        ]
      },
      "C:/Users/SPURGE/RubyOnRails/SudokuPuzzle/config/routes.rb": {
        "lines": [
          1,
          null,
          null,
          1,
          null
        ]
      },
      "C:/Users/SPURGE/RubyOnRails/SudokuPuzzle/app/helpers/application_helper.rb": {
        "lines": [
          1,
          null
        ]
      },
      "C:/Users/SPURGE/RubyOnRails/SudokuPuzzle/app/helpers/sudoku_solver_helper.rb": {
        "lines": [
          1,
          null
        ]
      },
      "C:/Users/SPURGE/RubyOnRails/SudokuPuzzle/app/controllers/sudoku_solver_controller.rb": {
        "lines": [
          1,
          null,
          1,
          2,
          2,
          2,
          null,
          2,
          0,
          null,
          2,
          null,
          null,
          null,
          null,
          null,
          null,
          1,
          164,
          null,
          null,
          1,
          14,
          null,
          14,
          null,
          12,
          25,
          12,
          null,
          12,
          12,
          null,
          0,
          null,
          null,
          null,
          null,
          null,
          null,
          null,
          1,
          14,
          92,
          732,
          null,
          null,
          null,
          null,
          null,
          1,
          25,
          null,
          null,
          null,
          null,
          1,
          25,
          null,
          null,
          1,
          25,
          165,
          null,
          12,
          null,
          null,
          1,
          12,
          36,
          108,
          null,
          null,
          12,
          null,
          null
        ]
      },
      "C:/Users/SPURGE/RubyOnRails/SudokuPuzzle/app/controllers/application_controller.rb": {
        "lines": [
          1,
          1,
          null
        ]
      }
    },
    "timestamp": 1687857427
  }
}
